2019-06-23 10:45:04.663  INFO 13912 --- [main] com.yan.SpringbootDWebApplication        : Starting SpringbootDWebApplication on LAPTOP-KE8REFPT with PID 13912 (started by 闫天宇 in C:\Users\闫天宇\IdeaProjects\Demo1)
2019-06-23 10:45:04.663  INFO 13912 --- [main] com.yan.SpringbootDWebApplication        : No active profile set, falling back to default profiles: default
2019-06-23 10:45:06.115  INFO 13912 --- [main] o.s.b.w.embedded.tomcat.TomcatWebServer  : Tomcat initialized with port(s): 8080 (http)
2019-06-23 10:45:06.131  INFO 13912 --- [main] o.a.coyote.http11.Http11NioProtocol      : Initializing ProtocolHandler ["http-nio-8080"]
2019-06-23 10:45:06.132  INFO 13912 --- [main] o.apache.catalina.core.StandardService   : Starting service [Tomcat]
2019-06-23 10:45:06.132  INFO 13912 --- [main] org.apache.catalina.core.StandardEngine  : Starting Servlet engine: [Apache Tomcat/9.0.21]
2019-06-23 10:45:06.311  INFO 13912 --- [main] o.a.c.c.C.[Tomcat].[localhost].[/]       : Initializing Spring embedded WebApplicationContext
2019-06-23 10:45:06.311  INFO 13912 --- [main] o.s.web.context.ContextLoader            : Root WebApplicationContext: initialization completed in 1492 ms
2019-06-23 10:45:06.702  INFO 13912 --- [main] o.a.coyote.http11.Http11NioProtocol      : Starting ProtocolHandler ["http-nio-8080"]
2019-06-23 10:45:06.718  INFO 13912 --- [main] o.s.b.w.embedded.tomcat.TomcatWebServer  : Tomcat started on port(s): 8080 (http) with context path ''
2019-06-23 10:45:06.734  INFO 13912 --- [main] com.yan.SpringbootDWebApplication        : Started SpringbootDWebApplication in 3.238 seconds (JVM running for 4.522)
2019-06-23 10:46:22.922  INFO 13912 --- [http-nio-8080-exec-1] o.a.c.c.C.[Tomcat].[localhost].[/]       : Initializing Spring DispatcherServlet 'dispatcherServlet'
2019-06-23 10:46:22.923  INFO 13912 --- [http-nio-8080-exec-1] o.s.web.servlet.DispatcherServlet        : Initializing Servlet 'dispatcherServlet'
2019-06-23 10:46:22.930  INFO 13912 --- [http-nio-8080-exec-1] o.s.web.servlet.DispatcherServlet        : Completed initialization in 7 ms
2019-06-23 10:49:58.998  INFO 7448 --- [main] com.yan.SpringbootDWebApplication        : Starting SpringbootDWebApplication on LAPTOP-KE8REFPT with PID 7448 (started by 闫天宇 in C:\Users\闫天宇\IdeaProjects\Demo1)
2019-06-23 10:49:59.071  INFO 7448 --- [main] com.yan.SpringbootDWebApplication        : No active profile set, falling back to default profiles: default
2019-06-23 10:50:00.730  INFO 7448 --- [main] o.s.b.w.embedded.tomcat.TomcatWebServer  : Tomcat initialized with port(s): 8080 (http)
2019-06-23 10:50:00.751  INFO 7448 --- [main] o.a.coyote.http11.Http11NioProtocol      : Initializing ProtocolHandler ["http-nio-8080"]
2019-06-23 10:50:00.761  INFO 7448 --- [main] o.apache.catalina.core.StandardService   : Starting service [Tomcat]
2019-06-23 10:50:00.762  INFO 7448 --- [main] org.apache.catalina.core.StandardEngine  : Starting Servlet engine: [Apache Tomcat/9.0.21]
2019-06-23 10:50:00.979  INFO 7448 --- [main] o.a.c.c.C.[Tomcat].[localhost].[/]       : Initializing Spring embedded WebApplicationContext
2019-06-23 10:50:00.980  INFO 7448 --- [main] o.s.web.context.ContextLoader            : Root WebApplicationContext: initialization completed in 1840 ms
2019-06-23 10:50:01.490  INFO 7448 --- [main] o.a.coyote.http11.Http11NioProtocol      : Starting ProtocolHandler ["http-nio-8080"]
2019-06-23 10:50:01.525  INFO 7448 --- [main] o.s.b.w.embedded.tomcat.TomcatWebServer  : Tomcat started on port(s): 8080 (http) with context path ''
2019-06-23 10:50:01.530  INFO 7448 --- [main] com.yan.SpringbootDWebApplication        : Started SpringbootDWebApplication in 3.832 seconds (JVM running for 5.127)
2019-06-23 10:50:11.572  INFO 7448 --- [http-nio-8080-exec-1] o.a.c.c.C.[Tomcat].[localhost].[/]       : Initializing Spring DispatcherServlet 'dispatcherServlet'
2019-06-23 10:50:11.573  INFO 7448 --- [http-nio-8080-exec-1] o.s.web.servlet.DispatcherServlet        : Initializing Servlet 'dispatcherServlet'
2019-06-23 10:50:11.581  INFO 7448 --- [http-nio-8080-exec-1] o.s.web.servlet.DispatcherServlet        : Completed initialization in 8 ms
2019-06-23 10:51:14.853  INFO 13852 --- [main] com.yan.SpringbootDWebApplication        : Starting SpringbootDWebApplication on LAPTOP-KE8REFPT with PID 13852 (started by 闫天宇 in C:\Users\闫天宇\IdeaProjects\Demo1)
2019-06-23 10:51:14.867  INFO 13852 --- [main] com.yan.SpringbootDWebApplication        : No active profile set, falling back to default profiles: default
2019-06-23 10:51:16.433  INFO 13852 --- [main] o.s.b.w.embedded.tomcat.TomcatWebServer  : Tomcat initialized with port(s): 8080 (http)
2019-06-23 10:51:16.454  INFO 13852 --- [main] o.a.coyote.http11.Http11NioProtocol      : Initializing ProtocolHandler ["http-nio-8080"]
2019-06-23 10:51:16.469  INFO 13852 --- [main] o.apache.catalina.core.StandardService   : Starting service [Tomcat]
2019-06-23 10:51:16.469  INFO 13852 --- [main] org.apache.catalina.core.StandardEngine  : Starting Servlet engine: [Apache Tomcat/9.0.21]
2019-06-23 10:51:16.659  INFO 13852 --- [main] o.a.c.c.C.[Tomcat].[localhost].[/]       : Initializing Spring embedded WebApplicationContext
2019-06-23 10:51:16.659  INFO 13852 --- [main] o.s.web.context.ContextLoader            : Root WebApplicationContext: initialization completed in 1670 ms
2019-06-23 10:51:17.085  INFO 13852 --- [main] o.a.coyote.http11.Http11NioProtocol      : Starting ProtocolHandler ["http-nio-8080"]
2019-06-23 10:51:17.121  INFO 13852 --- [main] o.s.b.w.embedded.tomcat.TomcatWebServer  : Tomcat started on port(s): 8080 (http) with context path ''
2019-06-23 10:51:17.126  INFO 13852 --- [main] com.yan.SpringbootDWebApplication        : Started SpringbootDWebApplication in 3.371 seconds (JVM running for 4.726)
2019-06-23 10:51:25.974  INFO 13852 --- [http-nio-8080-exec-1] o.a.c.c.C.[Tomcat].[localhost].[/]       : Initializing Spring DispatcherServlet 'dispatcherServlet'
2019-06-23 10:51:25.975  INFO 13852 --- [http-nio-8080-exec-1] o.s.web.servlet.DispatcherServlet        : Initializing Servlet 'dispatcherServlet'
2019-06-23 10:51:25.982  INFO 13852 --- [http-nio-8080-exec-1] o.s.web.servlet.DispatcherServlet        : Completed initialization in 7 ms
2019-06-23 10:56:46.995  INFO 2580 --- [main] com.yan.SpringbootDWebApplication        : Starting SpringbootDWebApplication on LAPTOP-KE8REFPT with PID 2580 (started by 闫天宇 in C:\Users\闫天宇\IdeaProjects\Demo1)
2019-06-23 10:56:47.003  INFO 2580 --- [main] com.yan.SpringbootDWebApplication        : No active profile set, falling back to default profiles: default
2019-06-23 10:56:48.959  INFO 2580 --- [main] o.s.b.w.embedded.tomcat.TomcatWebServer  : Tomcat initialized with port(s): 8080 (http)
2019-06-23 10:56:48.980  INFO 2580 --- [main] o.a.coyote.http11.Http11NioProtocol      : Initializing ProtocolHandler ["http-nio-8080"]
2019-06-23 10:56:48.996  INFO 2580 --- [main] o.apache.catalina.core.StandardService   : Starting service [Tomcat]
2019-06-23 10:56:48.997  INFO 2580 --- [main] org.apache.catalina.core.StandardEngine  : Starting Servlet engine: [Apache Tomcat/9.0.21]
2019-06-23 10:56:49.243  INFO 2580 --- [main] o.a.c.c.C.[Tomcat].[localhost].[/]       : Initializing Spring embedded WebApplicationContext
2019-06-23 10:56:49.244  INFO 2580 --- [main] o.s.web.context.ContextLoader            : Root WebApplicationContext: initialization completed in 1928 ms
2019-06-23 10:56:49.727  INFO 2580 --- [main] o.a.coyote.http11.Http11NioProtocol      : Starting ProtocolHandler ["http-nio-8080"]
2019-06-23 10:56:49.756  INFO 2580 --- [main] o.s.b.w.embedded.tomcat.TomcatWebServer  : Tomcat started on port(s): 8080 (http) with context path ''
2019-06-23 10:56:49.761  INFO 2580 --- [main] com.yan.SpringbootDWebApplication        : Started SpringbootDWebApplication in 3.965 seconds (JVM running for 5.293)
2019-06-23 10:56:52.472  INFO 2580 --- [http-nio-8080-exec-1] o.a.c.c.C.[Tomcat].[localhost].[/]       : Initializing Spring DispatcherServlet 'dispatcherServlet'
2019-06-23 10:56:52.473  INFO 2580 --- [http-nio-8080-exec-1] o.s.web.servlet.DispatcherServlet        : Initializing Servlet 'dispatcherServlet'
2019-06-23 10:56:52.480  INFO 2580 --- [http-nio-8080-exec-1] o.s.web.servlet.DispatcherServlet        : Completed initialization in 7 ms
2019-06-23 10:57:36.886  INFO 4992 --- [main] com.yan.SpringbootDWebApplication        : Starting SpringbootDWebApplication on LAPTOP-KE8REFPT with PID 4992 (started by 闫天宇 in C:\Users\闫天宇\IdeaProjects\Demo1)
2019-06-23 10:57:36.892  INFO 4992 --- [main] com.yan.SpringbootDWebApplication        : No active profile set, falling back to default profiles: default
2019-06-23 10:57:38.511  INFO 4992 --- [main] o.s.b.w.embedded.tomcat.TomcatWebServer  : Tomcat initialized with port(s): 8080 (http)
2019-06-23 10:57:38.532  INFO 4992 --- [main] o.a.coyote.http11.Http11NioProtocol      : Initializing ProtocolHandler ["http-nio-8080"]
2019-06-23 10:57:38.545  INFO 4992 --- [main] o.apache.catalina.core.StandardService   : Starting service [Tomcat]
2019-06-23 10:57:38.546  INFO 4992 --- [main] org.apache.catalina.core.StandardEngine  : Starting Servlet engine: [Apache Tomcat/9.0.21]
2019-06-23 10:57:38.714  INFO 4992 --- [main] o.a.c.c.C.[Tomcat].[localhost].[/]       : Initializing Spring embedded WebApplicationContext
2019-06-23 10:57:38.714  INFO 4992 --- [main] o.s.web.context.ContextLoader            : Root WebApplicationContext: initialization completed in 1723 ms
2019-06-23 10:57:39.117  INFO 4992 --- [main] o.a.coyote.http11.Http11NioProtocol      : Starting ProtocolHandler ["http-nio-8080"]
2019-06-23 10:57:39.145  INFO 4992 --- [main] o.s.b.w.embedded.tomcat.TomcatWebServer  : Tomcat started on port(s): 8080 (http) with context path ''
2019-06-23 10:57:39.149  INFO 4992 --- [main] com.yan.SpringbootDWebApplication        : Started SpringbootDWebApplication in 3.599 seconds (JVM running for 4.878)
2019-06-23 10:57:47.232  INFO 4992 --- [http-nio-8080-exec-2] o.a.c.c.C.[Tomcat].[localhost].[/]       : Initializing Spring DispatcherServlet 'dispatcherServlet'
2019-06-23 10:57:47.233  INFO 4992 --- [http-nio-8080-exec-2] o.s.web.servlet.DispatcherServlet        : Initializing Servlet 'dispatcherServlet'
2019-06-23 10:57:47.240  INFO 4992 --- [http-nio-8080-exec-2] o.s.web.servlet.DispatcherServlet        : Completed initialization in 7 ms
2019-06-23 11:01:36.438  INFO 12572 --- [main] com.yan.SpringbootDWebApplication        : Starting SpringbootDWebApplication on LAPTOP-KE8REFPT with PID 12572 (started by 闫天宇 in C:\Users\闫天宇\IdeaProjects\Demo1)
2019-06-23 11:01:36.438  INFO 12572 --- [main] com.yan.SpringbootDWebApplication        : No active profile set, falling back to default profiles: default
2019-06-23 11:01:37.853  INFO 12572 --- [main] o.s.b.w.embedded.tomcat.TomcatWebServer  : Tomcat initialized with port(s): 8080 (http)
2019-06-23 11:01:37.868  INFO 12572 --- [main] o.a.coyote.http11.Http11NioProtocol      : Initializing ProtocolHandler ["http-nio-8080"]
2019-06-23 11:01:37.868  INFO 12572 --- [main] o.apache.catalina.core.StandardService   : Starting service [Tomcat]
2019-06-23 11:01:37.868  INFO 12572 --- [main] org.apache.catalina.core.StandardEngine  : Starting Servlet engine: [Apache Tomcat/9.0.21]
2019-06-23 11:01:38.025  INFO 12572 --- [main] o.a.c.c.C.[Tomcat].[localhost].[/]       : Initializing Spring embedded WebApplicationContext
2019-06-23 11:01:38.041  INFO 12572 --- [main] o.s.web.context.ContextLoader            : Root WebApplicationContext: initialization completed in 1488 ms
2019-06-23 11:01:38.409  INFO 12572 --- [main] o.a.coyote.http11.Http11NioProtocol      : Starting ProtocolHandler ["http-nio-8080"]
2019-06-23 11:01:38.424  INFO 12572 --- [main] o.s.b.w.embedded.tomcat.TomcatWebServer  : Tomcat started on port(s): 8080 (http) with context path ''
2019-06-23 11:01:38.440  INFO 12572 --- [main] com.yan.SpringbootDWebApplication        : Started SpringbootDWebApplication in 3.044 seconds (JVM running for 4.231)
2019-06-23 11:01:43.652  INFO 12572 --- [http-nio-8080-exec-1] o.a.c.c.C.[Tomcat].[localhost].[/]       : Initializing Spring DispatcherServlet 'dispatcherServlet'
2019-06-23 11:01:43.652  INFO 12572 --- [http-nio-8080-exec-1] o.s.web.servlet.DispatcherServlet        : Initializing Servlet 'dispatcherServlet'
2019-06-23 11:01:43.659  INFO 12572 --- [http-nio-8080-exec-1] o.s.web.servlet.DispatcherServlet        : Completed initialization in 7 ms
2019-06-23 11:02:26.739  INFO 14256 --- [main] com.yan.SpringbootDWebApplication        : Starting SpringbootDWebApplication on LAPTOP-KE8REFPT with PID 14256 (started by 闫天宇 in C:\Users\闫天宇\IdeaProjects\Demo1)
2019-06-23 11:02:26.739  INFO 14256 --- [main] com.yan.SpringbootDWebApplication        : No active profile set, falling back to default profiles: default
2019-06-23 11:02:28.401  INFO 14256 --- [main] o.s.b.w.embedded.tomcat.TomcatWebServer  : Tomcat initialized with port(s): 8080 (http)
2019-06-23 11:02:28.416  INFO 14256 --- [main] o.a.coyote.http11.Http11NioProtocol      : Initializing ProtocolHandler ["http-nio-8080"]
2019-06-23 11:02:28.432  INFO 14256 --- [main] o.apache.catalina.core.StandardService   : Starting service [Tomcat]
2019-06-23 11:02:28.432  INFO 14256 --- [main] org.apache.catalina.core.StandardEngine  : Starting Servlet engine: [Apache Tomcat/9.0.21]
2019-06-23 11:02:28.627  INFO 14256 --- [main] o.a.c.c.C.[Tomcat].[localhost].[/]       : Initializing Spring embedded WebApplicationContext
2019-06-23 11:02:28.627  INFO 14256 --- [main] o.s.web.context.ContextLoader            : Root WebApplicationContext: initialization completed in 1810 ms
2019-06-23 11:02:29.043  INFO 14256 --- [main] o.a.coyote.http11.Http11NioProtocol      : Starting ProtocolHandler ["http-nio-8080"]
2019-06-23 11:02:29.069  INFO 14256 --- [main] o.s.b.w.embedded.tomcat.TomcatWebServer  : Tomcat started on port(s): 8080 (http) with context path ''
2019-06-23 11:02:29.073  INFO 14256 --- [main] com.yan.SpringbootDWebApplication        : Started SpringbootDWebApplication in 3.414 seconds (JVM running for 4.573)
2019-06-23 11:02:37.184  INFO 14256 --- [http-nio-8080-exec-1] o.a.c.c.C.[Tomcat].[localhost].[/]       : Initializing Spring DispatcherServlet 'dispatcherServlet'
2019-06-23 11:02:37.185  INFO 14256 --- [http-nio-8080-exec-1] o.s.web.servlet.DispatcherServlet        : Initializing Servlet 'dispatcherServlet'
2019-06-23 11:02:37.192  INFO 14256 --- [http-nio-8080-exec-1] o.s.web.servlet.DispatcherServlet        : Completed initialization in 7 ms
2019-06-23 11:03:46.215  INFO 16320 --- [main] com.yan.SpringbootDWebApplication        : Starting SpringbootDWebApplication on LAPTOP-KE8REFPT with PID 16320 (started by 闫天宇 in C:\Users\闫天宇\IdeaProjects\Demo1)
2019-06-23 11:03:46.215  INFO 16320 --- [main] com.yan.SpringbootDWebApplication        : No active profile set, falling back to default profiles: default
2019-06-23 11:03:47.857  INFO 16320 --- [main] o.s.b.w.embedded.tomcat.TomcatWebServer  : Tomcat initialized with port(s): 8080 (http)
2019-06-23 11:03:47.872  INFO 16320 --- [main] o.a.coyote.http11.Http11NioProtocol      : Initializing ProtocolHandler ["http-nio-8080"]
2019-06-23 11:03:47.888  INFO 16320 --- [main] o.apache.catalina.core.StandardService   : Starting service [Tomcat]
2019-06-23 11:03:47.888  INFO 16320 --- [main] org.apache.catalina.core.StandardEngine  : Starting Servlet engine: [Apache Tomcat/9.0.21]
2019-06-23 11:03:48.090  INFO 16320 --- [main] o.a.c.c.C.[Tomcat].[localhost].[/]       : Initializing Spring embedded WebApplicationContext
2019-06-23 11:03:48.090  INFO 16320 --- [main] o.s.web.context.ContextLoader            : Root WebApplicationContext: initialization completed in 1797 ms
2019-06-23 11:03:48.456  INFO 16320 --- [main] o.a.coyote.http11.Http11NioProtocol      : Starting ProtocolHandler ["http-nio-8080"]
2019-06-23 11:03:48.488  INFO 16320 --- [main] o.s.b.w.embedded.tomcat.TomcatWebServer  : Tomcat started on port(s): 8080 (http) with context path ''
2019-06-23 11:03:48.488  INFO 16320 --- [main] com.yan.SpringbootDWebApplication        : Started SpringbootDWebApplication in 3.22 seconds (JVM running for 4.488)
2019-06-23 11:03:51.796  INFO 16320 --- [http-nio-8080-exec-2] o.a.c.c.C.[Tomcat].[localhost].[/]       : Initializing Spring DispatcherServlet 'dispatcherServlet'
2019-06-23 11:03:51.797  INFO 16320 --- [http-nio-8080-exec-2] o.s.web.servlet.DispatcherServlet        : Initializing Servlet 'dispatcherServlet'
2019-06-23 11:03:51.805  INFO 16320 --- [http-nio-8080-exec-2] o.s.web.servlet.DispatcherServlet        : Completed initialization in 7 ms
2019-06-23 11:04:25.213  INFO 252 --- [main] com.yan.SpringbootDWebApplication        : Starting SpringbootDWebApplication on LAPTOP-KE8REFPT with PID 252 (started by 闫天宇 in C:\Users\闫天宇\IdeaProjects\Demo1)
2019-06-23 11:04:25.218  INFO 252 --- [main] com.yan.SpringbootDWebApplication        : No active profile set, falling back to default profiles: default
2019-06-23 11:04:26.632  INFO 252 --- [main] o.s.b.w.embedded.tomcat.TomcatWebServer  : Tomcat initialized with port(s): 8080 (http)
2019-06-23 11:04:26.648  INFO 252 --- [main] o.a.coyote.http11.Http11NioProtocol      : Initializing ProtocolHandler ["http-nio-8080"]
2019-06-23 11:04:26.663  INFO 252 --- [main] o.apache.catalina.core.StandardService   : Starting service [Tomcat]
2019-06-23 11:04:26.663  INFO 252 --- [main] org.apache.catalina.core.StandardEngine  : Starting Servlet engine: [Apache Tomcat/9.0.21]
2019-06-23 11:04:26.819  INFO 252 --- [main] o.a.c.c.C.[Tomcat].[localhost].[/]       : Initializing Spring embedded WebApplicationContext
2019-06-23 11:04:26.819  INFO 252 --- [main] o.s.web.context.ContextLoader            : Root WebApplicationContext: initialization completed in 1523 ms
2019-06-23 11:04:27.304  INFO 252 --- [main] o.a.coyote.http11.Http11NioProtocol      : Starting ProtocolHandler ["http-nio-8080"]
2019-06-23 11:04:27.335  INFO 252 --- [main] o.s.b.w.embedded.tomcat.TomcatWebServer  : Tomcat started on port(s): 8080 (http) with context path ''
2019-06-23 11:04:27.351  INFO 252 --- [main] com.yan.SpringbootDWebApplication        : Started SpringbootDWebApplication in 3.277 seconds (JVM running for 4.642)
2019-06-23 11:04:33.564  INFO 252 --- [http-nio-8080-exec-1] o.a.c.c.C.[Tomcat].[localhost].[/]       : Initializing Spring DispatcherServlet 'dispatcherServlet'
2019-06-23 11:04:33.565  INFO 252 --- [http-nio-8080-exec-1] o.s.web.servlet.DispatcherServlet        : Initializing Servlet 'dispatcherServlet'
2019-06-23 11:04:33.573  INFO 252 --- [http-nio-8080-exec-1] o.s.web.servlet.DispatcherServlet        : Completed initialization in 8 ms
2019-06-23 11:05:57.621  INFO 10944 --- [main] com.yan.SpringbootDWebApplication        : Starting SpringbootDWebApplication on LAPTOP-KE8REFPT with PID 10944 (started by 闫天宇 in C:\Users\闫天宇\IdeaProjects\Demo1)
2019-06-23 11:05:57.637  INFO 10944 --- [main] com.yan.SpringbootDWebApplication        : No active profile set, falling back to default profiles: default
2019-06-23 11:05:59.054  INFO 10944 --- [main] o.s.b.w.embedded.tomcat.TomcatWebServer  : Tomcat initialized with port(s): 8080 (http)
2019-06-23 11:05:59.072  INFO 10944 --- [main] o.a.coyote.http11.Http11NioProtocol      : Initializing ProtocolHandler ["http-nio-8080"]
2019-06-23 11:05:59.082  INFO 10944 --- [main] o.apache.catalina.core.StandardService   : Starting service [Tomcat]
2019-06-23 11:05:59.082  INFO 10944 --- [main] org.apache.catalina.core.StandardEngine  : Starting Servlet engine: [Apache Tomcat/9.0.21]
2019-06-23 11:05:59.237  INFO 10944 --- [main] o.a.c.c.C.[Tomcat].[localhost].[/]       : Initializing Spring embedded WebApplicationContext
2019-06-23 11:05:59.237  INFO 10944 --- [main] o.s.web.context.ContextLoader            : Root WebApplicationContext: initialization completed in 1522 ms
2019-06-23 11:05:59.597  INFO 10944 --- [main] o.a.coyote.http11.Http11NioProtocol      : Starting ProtocolHandler ["http-nio-8080"]
2019-06-23 11:05:59.629  INFO 10944 --- [main] o.s.b.w.embedded.tomcat.TomcatWebServer  : Tomcat started on port(s): 8080 (http) with context path ''
2019-06-23 11:05:59.629  INFO 10944 --- [main] com.yan.SpringbootDWebApplication        : Started SpringbootDWebApplication in 3.093 seconds (JVM running for 4.228)
2019-06-23 11:06:09.365  INFO 10944 --- [http-nio-8080-exec-1] o.a.c.c.C.[Tomcat].[localhost].[/]       : Initializing Spring DispatcherServlet 'dispatcherServlet'
2019-06-23 11:06:09.366  INFO 10944 --- [http-nio-8080-exec-1] o.s.web.servlet.DispatcherServlet        : Initializing Servlet 'dispatcherServlet'
2019-06-23 11:06:09.374  INFO 10944 --- [http-nio-8080-exec-1] o.s.web.servlet.DispatcherServlet        : Completed initialization in 8 ms
2019-06-23 11:15:07.411  INFO 7280 --- [main] com.yan.SpringbootDWebApplication        : Starting SpringbootDWebApplication on LAPTOP-KE8REFPT with PID 7280 (started by 闫天宇 in C:\Users\闫天宇\IdeaProjects\Demo1)
2019-06-23 11:15:07.422  INFO 7280 --- [main] com.yan.SpringbootDWebApplication        : No active profile set, falling back to default profiles: default
2019-06-23 11:15:09.017  INFO 7280 --- [main] o.s.b.w.embedded.tomcat.TomcatWebServer  : Tomcat initialized with port(s): 8080 (http)
2019-06-23 11:15:09.033  INFO 7280 --- [main] o.a.coyote.http11.Http11NioProtocol      : Initializing ProtocolHandler ["http-nio-8080"]
2019-06-23 11:15:09.044  INFO 7280 --- [main] o.apache.catalina.core.StandardService   : Starting service [Tomcat]
2019-06-23 11:15:09.044  INFO 7280 --- [main] org.apache.catalina.core.StandardEngine  : Starting Servlet engine: [Apache Tomcat/9.0.21]
2019-06-23 11:15:09.216  INFO 7280 --- [main] o.a.c.c.C.[Tomcat].[localhost].[/]       : Initializing Spring embedded WebApplicationContext
2019-06-23 11:15:09.216  INFO 7280 --- [main] o.s.web.context.ContextLoader            : Root WebApplicationContext: initialization completed in 1654 ms
2019-06-23 11:15:09.619  INFO 7280 --- [main] o.a.coyote.http11.Http11NioProtocol      : Starting ProtocolHandler ["http-nio-8080"]
2019-06-23 11:15:09.646  INFO 7280 --- [main] o.s.b.w.embedded.tomcat.TomcatWebServer  : Tomcat started on port(s): 8080 (http) with context path ''
2019-06-23 11:15:09.650  INFO 7280 --- [main] com.yan.SpringbootDWebApplication        : Started SpringbootDWebApplication in 3.287 seconds (JVM running for 4.582)
2019-06-23 11:15:22.965  INFO 7280 --- [http-nio-8080-exec-1] o.a.c.c.C.[Tomcat].[localhost].[/]       : Initializing Spring DispatcherServlet 'dispatcherServlet'
2019-06-23 11:15:22.966  INFO 7280 --- [http-nio-8080-exec-1] o.s.web.servlet.DispatcherServlet        : Initializing Servlet 'dispatcherServlet'
2019-06-23 11:15:22.974  INFO 7280 --- [http-nio-8080-exec-1] o.s.web.servlet.DispatcherServlet        : Completed initialization in 8 ms
2019-06-23 11:16:49.803  INFO 1948 --- [main] com.yan.SpringbootDWebApplication        : Starting SpringbootDWebApplication on LAPTOP-KE8REFPT with PID 1948 (started by 闫天宇 in C:\Users\闫天宇\IdeaProjects\Demo1)
2019-06-23 11:16:49.809  INFO 1948 --- [main] com.yan.SpringbootDWebApplication        : No active profile set, falling back to default profiles: default
2019-06-23 11:16:51.320  INFO 1948 --- [main] o.s.b.w.embedded.tomcat.TomcatWebServer  : Tomcat initialized with port(s): 8080 (http)
2019-06-23 11:16:51.337  INFO 1948 --- [main] o.a.coyote.http11.Http11NioProtocol      : Initializing ProtocolHandler ["http-nio-8080"]
2019-06-23 11:16:51.348  INFO 1948 --- [main] o.apache.catalina.core.StandardService   : Starting service [Tomcat]
2019-06-23 11:16:51.348  INFO 1948 --- [main] org.apache.catalina.core.StandardEngine  : Starting Servlet engine: [Apache Tomcat/9.0.21]
2019-06-23 11:16:51.517  INFO 1948 --- [main] o.a.c.c.C.[Tomcat].[localhost].[/]       : Initializing Spring embedded WebApplicationContext
2019-06-23 11:16:51.518  INFO 1948 --- [main] o.s.web.context.ContextLoader            : Root WebApplicationContext: initialization completed in 1533 ms
2019-06-23 11:16:51.910  INFO 1948 --- [main] o.a.coyote.http11.Http11NioProtocol      : Starting ProtocolHandler ["http-nio-8080"]
2019-06-23 11:16:51.938  INFO 1948 --- [main] o.s.b.w.embedded.tomcat.TomcatWebServer  : Tomcat started on port(s): 8080 (http) with context path ''
2019-06-23 11:16:51.942  INFO 1948 --- [main] com.yan.SpringbootDWebApplication        : Started SpringbootDWebApplication in 3.243 seconds (JVM running for 4.457)
2019-06-23 11:17:03.766  INFO 1948 --- [http-nio-8080-exec-1] o.a.c.c.C.[Tomcat].[localhost].[/]       : Initializing Spring DispatcherServlet 'dispatcherServlet'
2019-06-23 11:17:03.768  INFO 1948 --- [http-nio-8080-exec-1] o.s.web.servlet.DispatcherServlet        : Initializing Servlet 'dispatcherServlet'
2019-06-23 11:17:03.775  INFO 1948 --- [http-nio-8080-exec-1] o.s.web.servlet.DispatcherServlet        : Completed initialization in 6 ms
2019-06-23 11:19:21.424  INFO 1624 --- [main] com.yan.SpringbootDWebApplication        : Starting SpringbootDWebApplication on LAPTOP-KE8REFPT with PID 1624 (started by 闫天宇 in C:\Users\闫天宇\IdeaProjects\Demo1)
2019-06-23 11:19:21.428  INFO 1624 --- [main] com.yan.SpringbootDWebApplication        : No active profile set, falling back to default profiles: default
2019-06-23 11:19:23.048  INFO 1624 --- [main] o.s.b.w.embedded.tomcat.TomcatWebServer  : Tomcat initialized with port(s): 8080 (http)
2019-06-23 11:19:23.069  INFO 1624 --- [main] o.a.coyote.http11.Http11NioProtocol      : Initializing ProtocolHandler ["http-nio-8080"]
2019-06-23 11:19:23.080  INFO 1624 --- [main] o.apache.catalina.core.StandardService   : Starting service [Tomcat]
2019-06-23 11:19:23.081  INFO 1624 --- [main] org.apache.catalina.core.StandardEngine  : Starting Servlet engine: [Apache Tomcat/9.0.21]
2019-06-23 11:19:23.271  INFO 1624 --- [main] o.a.c.c.C.[Tomcat].[localhost].[/]       : Initializing Spring embedded WebApplicationContext
2019-06-23 11:19:23.271  INFO 1624 --- [main] o.s.web.context.ContextLoader            : Root WebApplicationContext: initialization completed in 1696 ms
2019-06-23 11:19:23.655  INFO 1624 --- [main] o.a.coyote.http11.Http11NioProtocol      : Starting ProtocolHandler ["http-nio-8080"]
2019-06-23 11:19:23.683  INFO 1624 --- [main] o.s.b.w.embedded.tomcat.TomcatWebServer  : Tomcat started on port(s): 8080 (http) with context path ''
2019-06-23 11:19:23.688  INFO 1624 --- [main] com.yan.SpringbootDWebApplication        : Started SpringbootDWebApplication in 3.469 seconds (JVM running for 4.701)
2019-06-23 11:19:45.331  INFO 1624 --- [http-nio-8080-exec-1] o.a.c.c.C.[Tomcat].[localhost].[/]       : Initializing Spring DispatcherServlet 'dispatcherServlet'
2019-06-23 11:19:45.332  INFO 1624 --- [http-nio-8080-exec-1] o.s.web.servlet.DispatcherServlet        : Initializing Servlet 'dispatcherServlet'
2019-06-23 11:19:45.340  INFO 1624 --- [http-nio-8080-exec-1] o.s.web.servlet.DispatcherServlet        : Completed initialization in 8 ms
2019-06-23 11:20:55.858  INFO 11968 --- [main] com.yan.SpringbootDWebApplication        : Starting SpringbootDWebApplication on LAPTOP-KE8REFPT with PID 11968 (started by 闫天宇 in C:\Users\闫天宇\IdeaProjects\Demo1)
2019-06-23 11:20:55.863  INFO 11968 --- [main] com.yan.SpringbootDWebApplication        : No active profile set, falling back to default profiles: default
2019-06-23 11:20:57.302  INFO 11968 --- [main] o.s.b.w.embedded.tomcat.TomcatWebServer  : Tomcat initialized with port(s): 8080 (http)
2019-06-23 11:20:57.318  INFO 11968 --- [main] o.a.coyote.http11.Http11NioProtocol      : Initializing ProtocolHandler ["http-nio-8080"]
2019-06-23 11:20:57.329  INFO 11968 --- [main] o.apache.catalina.core.StandardService   : Starting service [Tomcat]
2019-06-23 11:20:57.329  INFO 11968 --- [main] org.apache.catalina.core.StandardEngine  : Starting Servlet engine: [Apache Tomcat/9.0.21]
2019-06-23 11:20:57.494  INFO 11968 --- [main] o.a.c.c.C.[Tomcat].[localhost].[/]       : Initializing Spring embedded WebApplicationContext
2019-06-23 11:20:57.494  INFO 11968 --- [main] o.s.web.context.ContextLoader            : Root WebApplicationContext: initialization completed in 1555 ms
2019-06-23 11:20:57.883  INFO 11968 --- [main] o.a.coyote.http11.Http11NioProtocol      : Starting ProtocolHandler ["http-nio-8080"]
2019-06-23 11:20:57.911  INFO 11968 --- [main] o.s.b.w.embedded.tomcat.TomcatWebServer  : Tomcat started on port(s): 8080 (http) with context path ''
2019-06-23 11:20:57.914  INFO 11968 --- [main] com.yan.SpringbootDWebApplication        : Started SpringbootDWebApplication in 3.102 seconds (JVM running for 4.301)
2019-06-23 11:21:07.525  INFO 11968 --- [http-nio-8080-exec-1] o.a.c.c.C.[Tomcat].[localhost].[/]       : Initializing Spring DispatcherServlet 'dispatcherServlet'
2019-06-23 11:21:07.526  INFO 11968 --- [http-nio-8080-exec-1] o.s.web.servlet.DispatcherServlet        : Initializing Servlet 'dispatcherServlet'
2019-06-23 11:21:07.534  INFO 11968 --- [http-nio-8080-exec-1] o.s.web.servlet.DispatcherServlet        : Completed initialization in 8 ms
